
> rest-express@1.0.0 dev
> NODE_ENV=development tsx server/index.ts

node:events:497
      throw er; // Unhandled 'error' event
      ^

Error: listen ENOTSUP: operation not supported on socket 127.0.0.1:4000
    at Server.setupListenHandle [as _listen2] (node:net:1918:21)
    at listenInCluster (node:net:1997:12)
    at node:net:2206:7
    at process.processTicksAndRejections (node:internal/process/task_queues:90:21)
Emitted 'error' event on Server instance at:
    at emitErrorNT (node:net:1976:8)
    at process.processTicksAndRejections (node:internal/process/task_queues:90:21) {
  code: 'ENOTSUP',
  errno: -45,
  syscall: 'listen',
  address: '127.0.0.1',
  port: 4000
}

Node.js v22.19.0
